<?xml version="1.0" encoding="UTF-8"?>
<testng-results ignored="0" total="1" passed="1" failed="0" skipped="0">
  <reporter-output>
  </reporter-output>
  <suite started-at="2023-04-01T09:26:54 BST" name="Default suite" finished-at="2023-04-01T09:27:01 BST" duration-ms="6484">
    <groups>
    </groups>
    <test started-at="2023-04-01T09:26:54 BST" name="Default test" finished-at="2023-04-01T09:27:01 BST" duration-ms="6484">
      <class name="com.shop.spacex.GetAPITest">
        <test-method signature="testGetAPIAndValidateContent()[pri:0, instance:com.shop.spacex.GetAPITest@4d5650ae]" started-at="2023-04-01T09:26:54 BST" name="testGetAPIAndValidateContent" description="Test Get API and Validate Content" finished-at="2023-04-01T09:27:01 BST" duration-ms="6339" status="PASS">
          <reporter-output>
          </reporter-output>
        </test-method> <!-- testGetAPIAndValidateContent -->
      </class> <!-- com.shop.spacex.GetAPITest -->
    </test> <!-- Default test -->
  </suite> <!-- Default suite -->
</testng-results>
